<?xml version="1.0" encoding="UTF-8"?>
<testsuite xmlns:xsi="http://www.w3.org/2001/XMLSchema-instance" xsi:noNamespaceSchemaLocation="https://maven.apache.org/surefire/maven-surefire-plugin/xsd/surefire-test-report-3.0.xsd" version="3.0" name="test.java.RunCucumberTest" time="0.757" tests="3" errors="0" skipped="0" failures="0">
  <properties>
[...]
</properties>
  <testcase name="Example #1.1" classname="Examples" time="0.249">
    <system-out><![CDATA[
Scenario Outline: The virologist can only craft an agent if they have enough materials and know the recipe for it &amp#27;[90m# features/agent_crafting.feature:13&amp#27;[0m
  &amp#27;[32mGiven &amp#27;[0m&amp#27;[32mthe virologist has &amp#27;[0m&amp#27;[32m&amp#27;[1m8&amp#27;[0m&amp#27;[32m nucleotide and &amp#27;[0m&amp#27;[32m&amp#27;[1m8&amp#27;[0m&amp#27;[32m amino acid&amp#27;[0m                                                          &amp#27;[90m# test.java.AgentCraftingStepDefinitions.the_virologist_has_nucleotide_and_amino_acid(java.lang.Integer,java.lang.Integer)&amp#27;[0m
  &amp#27;[32mAnd &amp#27;[0m&amp#27;[32mthe agent crafting cost is &amp#27;[0m&amp#27;[32m&amp#27;[1m4&amp#27;[0m&amp#27;[32m nucleotide and &amp#27;[0m&amp#27;[32m&amp#27;[1m3&amp#27;[0m&amp#27;[32m amino acid&amp#27;[0m                                                    &amp#27;[90m# test.java.AgentCraftingStepDefinitions.the_agent_crafting_cost_is_nucleotide_and_amino_acid(java.lang.Integer,java.lang.Integer)&amp#27;[0m
  &amp#27;[32mAnd &amp#27;[0m&amp#27;[32mthe virologist knows the recipe&amp#27;[0m                                                                             &amp#27;[90m# test.java.AgentCraftingStepDefinitions.the_virologist_knows_the_recipe()&amp#27;[0m
  &amp#27;[32mWhen &amp#27;[0m&amp#27;[32mthey try to craft an agent&amp#27;[0m                                                                                 &amp#27;[90m# test.java.AgentCraftingStepDefinitions.they_try_to_craft_an_agent()&amp#27;[0m
  &amp#27;[32mThen &amp#27;[0m&amp#27;[32mtheir inventory should have the agent? &amp#27;[0m&amp#27;[32m&amp#27;[1m"Yes"&amp#27;[0m                                                               &amp#27;[90m# test.java.AgentCraftingStepDefinitions.their_inventory_should_have_the_agent(java.lang.String)&amp#27;[0m
]]></system-out>
  </testcase>
  <testcase name="Example #1.2" classname="Examples" time="0.011">
    <system-out><![CDATA[
Scenario Outline: The virologist can only craft an agent if they have enough materials and know the recipe for it &amp#27;[90m# features/agent_crafting.feature:14&amp#27;[0m
  &amp#27;[32mGiven &amp#27;[0m&amp#27;[32mthe virologist has &amp#27;[0m&amp#27;[32m&amp#27;[1m2&amp#27;[0m&amp#27;[32m nucleotide and &amp#27;[0m&amp#27;[32m&amp#27;[1m1&amp#27;[0m&amp#27;[32m amino acid&amp#27;[0m                                                          &amp#27;[90m# test.java.AgentCraftingStepDefinitions.the_virologist_has_nucleotide_and_amino_acid(java.lang.Integer,java.lang.Integer)&amp#27;[0m
  &amp#27;[32mAnd &amp#27;[0m&amp#27;[32mthe agent crafting cost is &amp#27;[0m&amp#27;[32m&amp#27;[1m4&amp#27;[0m&amp#27;[32m nucleotide and &amp#27;[0m&amp#27;[32m&amp#27;[1m3&amp#27;[0m&amp#27;[32m amino acid&amp#27;[0m                                                    &amp#27;[90m# test.java.AgentCraftingStepDefinitions.the_agent_crafting_cost_is_nucleotide_and_amino_acid(java.lang.Integer,java.lang.Integer)&amp#27;[0m
  &amp#27;[32mAnd &amp#27;[0m&amp#27;[32mthe virologist knows the recipe&amp#27;[0m                                                                             &amp#27;[90m# test.java.AgentCraftingStepDefinitions.the_virologist_knows_the_recipe()&amp#27;[0m
  &amp#27;[32mWhen &amp#27;[0m&amp#27;[32mthey try to craft an agent&amp#27;[0m                                                                                 &amp#27;[90m# test.java.AgentCraftingStepDefinitions.they_try_to_craft_an_agent()&amp#27;[0m
  &amp#27;[32mThen &amp#27;[0m&amp#27;[32mtheir inventory should have the agent? &amp#27;[0m&amp#27;[32m&amp#27;[1m"No"&amp#27;[0m                                                                &amp#27;[90m# test.java.AgentCraftingStepDefinitions.their_inventory_should_have_the_agent(java.lang.String)&amp#27;[0m
]]></system-out>
  </testcase>
  <testcase name="Example #1.3" classname="Examples" time="0.01">
    <system-out><![CDATA[
Scenario Outline: The virologist can only craft an agent if they have enough materials and know the recipe for it &amp#27;[90m# features/agent_crafting.feature:15&amp#27;[0m
  &amp#27;[32mGiven &amp#27;[0m&amp#27;[32mthe virologist has &amp#27;[0m&amp#27;[32m&amp#27;[1m5&amp#27;[0m&amp#27;[32m nucleotide and &amp#27;[0m&amp#27;[32m&amp#27;[1m6&amp#27;[0m&amp#27;[32m amino acid&amp#27;[0m                                                          &amp#27;[90m# test.java.AgentCraftingStepDefinitions.the_virologist_has_nucleotide_and_amino_acid(java.lang.Integer,java.lang.Integer)&amp#27;[0m
  &amp#27;[32mAnd &amp#27;[0m&amp#27;[32mthe agent crafting cost is &amp#27;[0m&amp#27;[32m&amp#27;[1m2&amp#27;[0m&amp#27;[32m nucleotide and &amp#27;[0m&amp#27;[32m&amp#27;[1m5&amp#27;[0m&amp#27;[32m amino acid&amp#27;[0m                                                    &amp#27;[90m# test.java.AgentCraftingStepDefinitions.the_agent_crafting_cost_is_nucleotide_and_amino_acid(java.lang.Integer,java.lang.Integer)&amp#27;[0m
  &amp#27;[32mAnd &amp#27;[0m&amp#27;[32mthe virologist knows the recipe&amp#27;[0m                                                                             &amp#27;[90m# test.java.AgentCraftingStepDefinitions.the_virologist_knows_the_recipe()&amp#27;[0m
  &amp#27;[32mWhen &amp#27;[0m&amp#27;[32mthey try to craft an agent&amp#27;[0m                                                                                 &amp#27;[90m# test.java.AgentCraftingStepDefinitions.they_try_to_craft_an_agent()&amp#27;[0m
  &amp#27;[32mThen &amp#27;[0m&amp#27;[32mtheir inventory should have the agent? &amp#27;[0m&amp#27;[32m&amp#27;[1m"Yes"&amp#27;[0m                                                               &amp#27;[90m# test.java.AgentCraftingStepDefinitions.their_inventory_should_have_the_agent(java.lang.String)&amp#27;[0m
]]></system-out>
  </testcase>
</testsuite>